[debug] [2023-04-08T06:31:50.142Z] ----------------------------------------------------------------------
[debug] [2023-04-08T06:31:50.145Z] Command:       /usr/local/bin/node /usr/local/bin/firebase deploy
[debug] [2023-04-08T06:31:50.146Z] CLI Version:   11.25.3
[debug] [2023-04-08T06:31:50.146Z] Platform:      darwin
[debug] [2023-04-08T06:31:50.146Z] Node Version:  v19.8.1
[debug] [2023-04-08T06:31:50.146Z] Time:          Sat Apr 08 2023 02:31:50 GMT-0400 (Eastern Daylight Time)
[debug] [2023-04-08T06:31:50.147Z] ----------------------------------------------------------------------
[debug] 
[debug] [2023-04-08T06:31:50.223Z] > command requires scopes: ["email","openid","https://www.googleapis.com/auth/cloudplatformprojects.readonly","https://www.googleapis.com/auth/firebase","https://www.googleapis.com/auth/cloud-platform"]
[debug] [2023-04-08T06:31:50.224Z] > authorizing via signed-in user (moc@kentoverse.com)
[debug] [2023-04-08T06:31:50.224Z] [iam] checking project kv-web-apps for permissions ["firebase.projects.get","firebasehosting.sites.update"]
[debug] [2023-04-08T06:31:50.226Z] >>> [apiv2][query] POST https://cloudresourcemanager.googleapis.com/v1/projects/kv-web-apps:testIamPermissions [none]
[debug] [2023-04-08T06:31:50.227Z] >>> [apiv2][(partial)header] POST https://cloudresourcemanager.googleapis.com/v1/projects/kv-web-apps:testIamPermissions x-goog-quota-user=projects/kv-web-apps
[debug] [2023-04-08T06:31:50.227Z] >>> [apiv2][body] POST https://cloudresourcemanager.googleapis.com/v1/projects/kv-web-apps:testIamPermissions {"permissions":["firebase.projects.get","firebasehosting.sites.update"]}
[debug] [2023-04-08T06:31:50.600Z] <<< [apiv2][status] POST https://cloudresourcemanager.googleapis.com/v1/projects/kv-web-apps:testIamPermissions 200
[debug] [2023-04-08T06:31:50.601Z] <<< [apiv2][body] POST https://cloudresourcemanager.googleapis.com/v1/projects/kv-web-apps:testIamPermissions {"permissions":["firebase.projects.get","firebasehosting.sites.update"]}
[debug] [2023-04-08T06:31:50.602Z] >>> [apiv2][query] GET https://firebase.googleapis.com/v1beta1/projects/kv-web-apps [none]
[debug] [2023-04-08T06:31:50.906Z] <<< [apiv2][status] GET https://firebase.googleapis.com/v1beta1/projects/kv-web-apps 200
[debug] [2023-04-08T06:31:50.906Z] <<< [apiv2][body] GET https://firebase.googleapis.com/v1beta1/projects/kv-web-apps {"projectId":"kv-web-apps","projectNumber":"1004559604899","displayName":"Web-Apps","name":"projects/kv-web-apps","resources":{"hostingSite":"kv-web-apps"},"state":"ACTIVE","etag":"1_67845781-0815-475a-931f-cb8b79acab87"}
[debug] [2023-04-08T06:32:08.280Z] Error: ENOENT: no such file or directory, open '/Users/mocavada/Desktop/KV/kv-webapp12/build/server/middleware-manifest.json'
[error] 
[error] Error: An unexpected error has occurred.
